<?xml version="1.0" encoding="UTF-8"?>
<testng-results ignored="0" total="2" passed="2" failed="0" skipped="0">
  <reporter-output>
  </reporter-output>
  <suite started-at="2023-03-22T18:02:31 NZDT" name="Default suite" finished-at="2023-03-22T18:02:42 NZDT" duration-ms="11525">
    <groups>
    </groups>
    <test started-at="2023-03-22T18:02:31 NZDT" name="Default test" finished-at="2023-03-22T18:02:42 NZDT" duration-ms="11525">
      <class name="BuggyCarsDemo.BuggyAutomation">
        <test-method is-config="true" signature="Register()[pri:0, instance:BuggyCarsDemo.BuggyAutomation@43dac38f]" started-at="2023-03-22T18:02:28 NZDT" name="Register" finished-at="2023-03-22T18:02:31 NZDT" duration-ms="3011" status="PASS">
          <reporter-output>
          </reporter-output>
        </test-method> <!-- Register -->
        <test-method is-config="true" signature="Login()[pri:0, instance:BuggyCarsDemo.BuggyAutomation@43dac38f]" started-at="2023-03-22T18:02:31 NZDT" name="Login" finished-at="2023-03-22T18:02:31 NZDT" duration-ms="123" status="PASS">
          <reporter-output>
          </reporter-output>
        </test-method> <!-- Login -->
        <test-method signature="Buggyvote()[pri:0, instance:BuggyCarsDemo.BuggyAutomation@43dac38f]" started-at="2023-03-22T18:02:31 NZDT" name="Buggyvote" finished-at="2023-03-22T18:02:39 NZDT" duration-ms="7966" status="PASS">
          <reporter-output>
          </reporter-output>
        </test-method> <!-- Buggyvote -->
        <test-method signature="Populamake()[pri:0, instance:BuggyCarsDemo.BuggyAutomation@43dac38f]" started-at="2023-03-22T18:02:39 NZDT" name="Populamake" finished-at="2023-03-22T18:02:42 NZDT" duration-ms="3406" status="PASS">
          <reporter-output>
          </reporter-output>
        </test-method> <!-- Populamake -->
        <test-method is-config="true" signature="BuggyLogout()[pri:0, instance:BuggyCarsDemo.BuggyAutomation@43dac38f]" started-at="2023-03-22T18:02:42 NZDT" name="BuggyLogout" finished-at="2023-03-22T18:02:42 NZDT" duration-ms="46" status="PASS">
          <reporter-output>
          </reporter-output>
        </test-method> <!-- BuggyLogout -->
      </class> <!-- BuggyCarsDemo.BuggyAutomation -->
    </test> <!-- Default test -->
  </suite> <!-- Default suite -->
</testng-results>
